Removed Pin From Net: NetName=MOSI Pin=J?-1
Removed Pin From Net: NetName=MCLK Pin=J?-2
Removed Pin From Net: NetName=CS1 Pin=J?-4
Removed Pin From Net: NetName=Vref1 Pin=J?-5
Removed Pin From Net: NetName=V1y Pin=J?-6
Removed Pin From Net: NetName=Vref1 Pin=J?-7
Removed Pin From Net: NetName=V1x Pin=J?-8
Removed Pin From Net: NetName=Vref1 Pin=J?-9
Removed Pin From Net: NetName=V1z Pin=J?-10
Removed Pin From Net: NetName=GND Pin=J?-11
Removed Pin From Net: NetName=V1temp Pin=J?-12
Removed Pin From Net: NetName=GND Pin=J?-13
Removed Pin From Net: NetName=5V Hall Pin=J?-14
Added Pin To Net: NetName=GND Pin=J?-1
Added Pin To Net: NetName=5V Hall Pin=J?-2
Added Pin To Net: NetName=V1y Pin=J?-3
Added Pin To Net: NetName=Vref1 Pin=J?-4
Added Pin To Net: NetName=V1x Pin=J?-5
Added Pin To Net: NetName=Vref1 Pin=J?-6
Added Pin To Net: NetName=V1z Pin=J?-7
Added Pin To Net: NetName=GND Pin=J?-8
Added Pin To Net: NetName=V1temp Pin=J?-9
Added Pin To Net: NetName=MOSI Pin=J?-10
Added Pin To Net: NetName=MCLK Pin=J?-11
Added Pin To Net: NetName=CS1 Pin=J?-13
Added Pin To Net: NetName=Vref1 Pin=J?-14
Added Pin To Net: NetName=NetJ?_12 Pin=J?-12
Added Pin To Net: NetName=NetJ?_12 Pin=R1-2
Added Net: Name=NetJ?_12
Added Room: Name=main_hall
