Added Component: Designator=J?(14 Holes - closer)
Add component. Clean all parameters for all variants
Added Pin To Net: NetName=GND Pin=J?-1
Added Pin To Net: NetName=5V Hall Pin=J?-2
Added Pin To Net: NetName=Vref1 Pin=J?-3
Added Pin To Net: NetName=V1y Pin=J?-4
Added Pin To Net: NetName=Vref1 Pin=J?-5
Added Pin To Net: NetName=V1x Pin=J?-6
Added Pin To Net: NetName=Vref1 Pin=J?-7
Added Pin To Net: NetName=V1z Pin=J?-8
Added Pin To Net: NetName=GND Pin=J?-9
Added Pin To Net: NetName=V1temp Pin=J?-10
Added Pin To Net: NetName=MOSI Pin=J?-11
Added Pin To Net: NetName=MCLK Pin=J?-12
Added Pin To Net: NetName=CS1 Pin=J?-13
Added Pin To Net: NetName=NetJ?_14 Pin=J?-14
Added Pin To Net: NetName=NetJ?_14 Pin=R1-2
Added Net: Name=NetJ?_14
Added Member To Class: ClassName=main_hall Member=Component J? 14 plated holles_closer
Added Room: Name=main_hall
