Added Component: Designator=C2(CAPC3216X100N)
Add component. Clean all parameters for all variants
Add component (AddParameter): Name = "Dielectric type"; Value = "X5R"; VariantName = "[No Variations]"
Add component (AddParameter): Name = "SMD Solders"; Value = "2"; VariantName = "[No Variations]"
Add component (AddParameter): Name = "SolderOption"; Value = "0"; VariantName = "[No Variations]"
Add component (AddParameter): Name = "THD Solders"; Value = "0"; VariantName = "[No Variations]"
Add component (AddParameter): Name = "Value"; Value = "0.1"; VariantName = "[No Variations]"
Add component (AddParameter): Name = "Vendor"; Value = "any"; VariantName = "[No Variations]"
Added Component: Designator=C5(CAPC3216X100N)
Add component. Clean all parameters for all variants
Add component (AddParameter): Name = "Dielectric type"; Value = "X5R"; VariantName = "[No Variations]"
Add component (AddParameter): Name = "SMD Solders"; Value = "2"; VariantName = "[No Variations]"
Add component (AddParameter): Name = "SolderOption"; Value = "0"; VariantName = "[No Variations]"
Add component (AddParameter): Name = "THD Solders"; Value = "0"; VariantName = "[No Variations]"
Add component (AddParameter): Name = "Value"; Value = "0.1"; VariantName = "[No Variations]"
Add component (AddParameter): Name = "Vendor"; Value = "any"; VariantName = "[No Variations]"
Added Component: Designator=C7(CAPC3216X100N)
Add component. Clean all parameters for all variants
Add component (AddParameter): Name = "Dielectric type"; Value = "X5R"; VariantName = "[No Variations]"
Add component (AddParameter): Name = "SMD Solders"; Value = "2"; VariantName = "[No Variations]"
Add component (AddParameter): Name = "SolderOption"; Value = "0"; VariantName = "[No Variations]"
Add component (AddParameter): Name = "THD Solders"; Value = "0"; VariantName = "[No Variations]"
Add component (AddParameter): Name = "Value"; Value = "0.1"; VariantName = "[No Variations]"
Add component (AddParameter): Name = "Vendor"; Value = "any"; VariantName = "[No Variations]"
Added Component: Designator=C11(CAPC3216X100N)
Add component. Clean all parameters for all variants
Add component (AddParameter): Name = "Dielectric type"; Value = "X5R"; VariantName = "[No Variations]"
Add component (AddParameter): Name = "SMD Solders"; Value = "2"; VariantName = "[No Variations]"
Add component (AddParameter): Name = "SolderOption"; Value = "0"; VariantName = "[No Variations]"
Add component (AddParameter): Name = "THD Solders"; Value = "0"; VariantName = "[No Variations]"
Add component (AddParameter): Name = "Value"; Value = "0.1"; VariantName = "[No Variations]"
Add component (AddParameter): Name = "Vendor"; Value = "any"; VariantName = "[No Variations]"
Added Component: Designator=C14(CAPC3216X100N)
Add component. Clean all parameters for all variants
Add component (AddParameter): Name = "Dielectric type"; Value = "X5R"; VariantName = "[No Variations]"
Add component (AddParameter): Name = "SMD Solders"; Value = "2"; VariantName = "[No Variations]"
Add component (AddParameter): Name = "SolderOption"; Value = "0"; VariantName = "[No Variations]"
Add component (AddParameter): Name = "THD Solders"; Value = "0"; VariantName = "[No Variations]"
Add component (AddParameter): Name = "Value"; Value = "0.1"; VariantName = "[No Variations]"
Add component (AddParameter): Name = "Vendor"; Value = "any"; VariantName = "[No Variations]"
Added Component: Designator=J?(14 Holes)
Add component. Clean all parameters for all variants
Added Component: Designator=R1(RESC2012X70N)
Add component. Clean all parameters for all variants
Add component (AddParameter): Name = "SMD Solders"; Value = "2"; VariantName = "[No Variations]"
Add component (AddParameter): Name = "SolderOption"; Value = "0"; VariantName = "[No Variations]"
Add component (AddParameter): Name = "THD Solders"; Value = "0"; VariantName = "[No Variations]"
Add component (AddParameter): Name = "TK"; Value = "1000ppmC^(-1)"; VariantName = "[No Variations]"
Add component (AddParameter): Name = "Tolerance"; Value = "5%"; VariantName = "[No Variations]"
Add component (AddParameter): Name = "Value"; Value = "1k"; VariantName = "[No Variations]"
Add component (AddParameter): Name = "Vendor"; Value = "any"; VariantName = "[No Variations]"
Added Component: Designator=U1(QFN50P500X500X100-29N-S325)
Add component. Clean all parameters for all variants
Added Pin To Net: NetName=GND Pin=C2-1
Added Pin To Net: NetName=Vref1 Pin=C2-2
Added Pin To Net: NetName=GND Pin=C5-2
Added Pin To Net: NetName=5V Hall Pin=C7-1
Added Pin To Net: NetName=GND Pin=C7-2
Added Pin To Net: NetName=GND Pin=C11-1
Added Pin To Net: NetName=GND Pin=C14-1
Added Pin To Net: NetName=NetC14_2 Pin=C14-2
Added Pin To Net: NetName=MOSI Pin=J?-1
Added Pin To Net: NetName=MCLK Pin=J?-2
Added Pin To Net: NetName=CS1 Pin=J?-4
Added Pin To Net: NetName=Vref1 Pin=J?-5
Added Pin To Net: NetName=V1y Pin=J?-6
Added Pin To Net: NetName=Vref1 Pin=J?-7
Added Pin To Net: NetName=V1x Pin=J?-8
Added Pin To Net: NetName=Vref1 Pin=J?-9
Added Pin To Net: NetName=V1z Pin=J?-10
Added Pin To Net: NetName=GND Pin=J?-11
Added Pin To Net: NetName=V1temp Pin=J?-12
Added Pin To Net: NetName=GND Pin=J?-13
Added Pin To Net: NetName=5V Hall Pin=J?-14
Added Pin To Net: NetName=MISO Pin=R1-1
Added Pin To Net: NetName=Vref1 Pin=U1-2
Added Pin To Net: NetName=MCLK Pin=U1-4
Added Pin To Net: NetName=MOSI Pin=U1-5
Added Pin To Net: NetName=MISO Pin=U1-6
Added Pin To Net: NetName=CS1 Pin=U1-9
Added Pin To Net: NetName=NetC14_2 Pin=U1-12
Added Pin To Net: NetName=GND Pin=U1-13
Added Pin To Net: NetName=5V Hall Pin=U1-20
Added Pin To Net: NetName=V1y Pin=U1-23
Added Pin To Net: NetName=V1x Pin=U1-24
Added Pin To Net: NetName=V1z Pin=U1-25
Added Pin To Net: NetName=V1temp Pin=U1-26
Added Pin To Net: NetName=GND Pin=U1-27
Added Pin To Net: NetName=NetC5_1 Pin=C5-1
Added Pin To Net: NetName=NetC5_1 Pin=U1-19
Added Net: Name=NetC5_1
Added Pin To Net: NetName=NetC11_2 Pin=C11-2
Added Pin To Net: NetName=NetC11_2 Pin=U1-3
Added Net: Name=NetC11_2
Added Pin To Net: NetName=NetJ?_3 Pin=J?-3
Added Pin To Net: NetName=NetJ?_3 Pin=R1-2
Added Net: Name=NetJ?_3
Added Member To Class: ClassName=main_hall Member=Component C2 0.1
Added Member To Class: ClassName=main_hall Member=Component C5 0.1
Added Member To Class: ClassName=main_hall Member=Component C7 0.1
Added Member To Class: ClassName=main_hall Member=Component C11 0.1
Added Member To Class: ClassName=main_hall Member=Component C14 0.1
Added Member To Class: ClassName=main_hall Member=Component J? 14 plated holles
Added Member To Class: ClassName=main_hall Member=Component R1 1k
Added Member To Class: ClassName=main_hall Member=Component U1 Hall sensor
Added Room: Name=main_hall
